[2020-10-26T10:50:47.565] [INFO] rockwell - Loaded: ./api/config
[2020-10-26T10:50:57.587] [ERROR] rockwell - TIMEOUT occurred while attempting to establish TCP connection with Controller.
[2020-10-26T10:50:57.589] [INFO] rockwell - Rockwell PLC Started
[2020-10-26T10:51:00.600] [INFO] rockwell - Socket Data: Test Message
[2020-10-26T10:51:18.930] [INFO] rockwell - Loaded: ./api/config
[2020-10-26T10:51:28.952] [ERROR] rockwell - TIMEOUT occurred while attempting to establish TCP connection with Controller.
[2020-10-26T10:51:28.958] [INFO] rockwell - Rockwell PLC Started
[2020-10-26T10:51:31.975] [INFO] rockwell - Socket Data: Test Message
[2020-10-26T10:52:37.793] [INFO] rockwell - Loaded: ./api/config
[2020-10-26T10:52:47.814] [ERROR] rockwell - TIMEOUT occurred while attempting to establish TCP connection with Controller.
[2020-10-26T10:52:47.821] [INFO] rockwell - Rockwell PLC Started
[2020-10-26T10:52:50.836] [INFO] rockwell - Socket Data: Test Message
[2020-10-26T11:52:21.742] [INFO] rockwell - Loaded: ./api/config
[2020-10-26T11:52:31.787] [ERROR] rockwell - TIMEOUT occurred while attempting to establish TCP connection with Controller.
[2020-10-26T11:52:31.792] [ERROR] rockwell - Cannot read property 'protocol' of undefined
[2020-10-26T11:52:31.793] [INFO] rockwell - Rockwell PLC Started
[2020-10-26T12:00:41.842] [INFO] rockwell - Loaded: ./api/config
[2020-10-26T12:00:51.948] [ERROR] rockwell - TIMEOUT occurred while attempting to establish TCP connection with Controller.
[2020-10-26T12:00:51.950] [ERROR] rockwell - Cannot read property 'protocol' of undefined
[2020-10-26T12:00:51.950] [INFO] rockwell - Rockwell PLC Started
[2020-10-26T12:04:43.263] [INFO] rockwell - Loaded: ./api/config
[2020-10-26T12:04:53.315] [ERROR] rockwell - TIMEOUT occurred while attempting to establish TCP connection with Controller.
[2020-10-26T12:04:53.318] [ERROR] rockwell - Cannot read property 'protocol' of undefined
[2020-10-26T12:04:53.318] [INFO] rockwell - Rockwell PLC Started
[2020-10-26T12:05:16.590] [INFO] rockwell - Loaded: ./api/config
[2020-10-26T12:05:26.652] [ERROR] rockwell - TIMEOUT occurred while attempting to establish TCP connection with Controller.
[2020-10-26T12:05:26.654] [ERROR] rockwell - Cannot read property 'protocol' of undefined
[2020-10-26T12:05:26.655] [INFO] rockwell - Rockwell PLC Started
[2020-10-26T12:05:35.309] [INFO] rockwell - Loaded: ./api/config
[2020-10-26T12:05:39.259] [INFO] rockwell - Loaded: ./api/config
[2020-10-26T12:05:49.309] [ERROR] rockwell - TIMEOUT occurred while attempting to establish TCP connection with Controller.
[2020-10-26T12:05:49.310] [ERROR] rockwell - Cannot read property 'protocol' of undefined
[2020-10-26T12:05:49.310] [INFO] rockwell - Rockwell PLC Started
[2020-10-26T12:06:57.900] [INFO] rockwell - Loaded: ./api/config
[2020-10-26T12:07:07.938] [ERROR] rockwell - TIMEOUT occurred while attempting to establish TCP connection with Controller.
[2020-10-26T12:07:07.940] [ERROR] rockwell - Cannot read property 'protocol' of undefined
[2020-10-26T12:07:07.940] [INFO] rockwell - Rockwell PLC Started
[2020-10-26T12:07:19.808] [INFO] rockwell - Loaded: ./api/config
[2020-10-26T12:07:29.848] [ERROR] rockwell - TIMEOUT occurred while attempting to establish TCP connection with Controller.
[2020-10-26T12:07:29.850] [ERROR] rockwell - Cannot read property 'protocol' of undefined
[2020-10-26T12:07:29.850] [INFO] rockwell - Rockwell PLC Started
[2020-10-26T12:09:28.812] [INFO] rockwell - Loaded: ./api/config
[2020-10-26T12:09:38.855] [ERROR] rockwell - TIMEOUT occurred while attempting to establish TCP connection with Controller.
[2020-10-26T12:09:38.858] [ERROR] rockwell - Cannot read property 'protocol' of undefined
[2020-10-26T12:09:38.859] [INFO] rockwell - Rockwell PLC Started
[2020-10-26T12:10:28.989] [INFO] rockwell - Loaded: ./api/config
[2020-10-26T12:10:34.552] [INFO] rockwell - Loaded: ./api/config
[2020-10-26T12:10:44.593] [ERROR] rockwell - TIMEOUT occurred while attempting to establish TCP connection with Controller.
[2020-10-26T12:10:44.595] [ERROR] rockwell - Cannot read property 'protocol' of undefined
[2020-10-26T12:10:44.596] [INFO] rockwell - Rockwell PLC Started
[2020-10-26T12:11:45.235] [INFO] rockwell - Loaded: ./api/config
[2020-10-26T12:11:55.295] [ERROR] rockwell - TIMEOUT occurred while attempting to establish TCP connection with Controller.
[2020-10-26T12:11:55.298] [ERROR] rockwell - Cannot read property 'protocol' of undefined
[2020-10-26T12:11:55.298] [INFO] rockwell - Rockwell PLC Started
[2020-10-26T12:12:01.425] [INFO] rockwell - Loaded: ./api/config
[2020-10-26T12:12:07.032] [INFO] rockwell - Loaded: ./api/config
[2020-10-26T12:12:22.298] [INFO] rockwell - Loaded: ./api/config
[2020-10-26T12:12:32.337] [ERROR] rockwell - TIMEOUT occurred while attempting to establish TCP connection with Controller.
[2020-10-26T12:12:32.340] [ERROR] rockwell - Cannot read property 'protocol' of undefined
[2020-10-26T12:12:32.340] [INFO] rockwell - Rockwell PLC Started
[2020-10-26T12:13:53.982] [INFO] rockwell - Loaded: ./api/config
[2020-10-26T12:14:04.023] [ERROR] rockwell - TIMEOUT occurred while attempting to establish TCP connection with Controller.
[2020-10-26T12:14:04.025] [ERROR] rockwell - Cannot read property 'protocol' of undefined
[2020-10-26T12:14:04.025] [INFO] rockwell - Rockwell PLC Started
[2020-10-26T12:14:16.295] [INFO] rockwell - Loaded: ./api/config
[2020-10-26T12:14:26.333] [ERROR] rockwell - TIMEOUT occurred while attempting to establish TCP connection with Controller.
[2020-10-26T12:14:26.336] [ERROR] rockwell - Cannot read property 'protocol' of undefined
[2020-10-26T12:14:26.337] [INFO] rockwell - Rockwell PLC Started
[2020-10-26T12:14:52.133] [INFO] rockwell - Loaded: ./api/config
[2020-10-26T12:14:54.461] [INFO] rockwell - Loaded: ./api/config
[2020-10-26T12:15:02.553] [INFO] rockwell - Loaded: ./api/config
[2020-10-26T12:15:12.595] [ERROR] rockwell - TIMEOUT occurred while attempting to establish TCP connection with Controller.
[2020-10-26T12:15:12.598] [ERROR] rockwell - Cannot read property 'protocol' of undefined
[2020-10-26T12:15:12.598] [INFO] rockwell - Rockwell PLC Started
[2020-10-26T12:17:16.444] [INFO] rockwell - Loaded: ./api/config
[2020-10-26T12:17:21.921] [INFO] rockwell - Loaded: ./api/config
[2020-10-26T12:17:28.155] [INFO] rockwell - Loaded: ./api/config
[2020-10-26T12:17:33.995] [INFO] rockwell - Loaded: ./api/config
[2020-10-26T12:17:44.038] [ERROR] rockwell - TIMEOUT occurred while attempting to establish TCP connection with Controller.
[2020-10-26T12:17:44.042] [ERROR] rockwell - Cannot read property 'protocol' of undefined
[2020-10-26T12:17:44.042] [INFO] rockwell - Rockwell PLC Started
[2020-10-26T12:18:50.999] [INFO] rockwell - Loaded: ./api/config
[2020-10-26T12:19:01.036] [ERROR] rockwell - TIMEOUT occurred while attempting to establish TCP connection with Controller.
[2020-10-26T12:19:01.039] [ERROR] rockwell - Cannot read property 'protocol' of undefined
[2020-10-26T12:19:01.039] [INFO] rockwell - Rockwell PLC Started
[2020-10-26T12:19:42.345] [INFO] rockwell - Loaded: ./api/config
[2020-10-26T12:19:52.380] [ERROR] rockwell - TIMEOUT occurred while attempting to establish TCP connection with Controller.
[2020-10-26T12:19:52.382] [ERROR] rockwell - Cannot read property 'protocol' of undefined
[2020-10-26T12:19:52.382] [INFO] rockwell - Rockwell PLC Started
[2020-10-26T12:20:00.944] [INFO] rockwell - Loaded: ./api/config
[2020-10-26T12:20:05.341] [INFO] rockwell - Loaded: ./api/config
[2020-10-26T12:20:15.391] [ERROR] rockwell - TIMEOUT occurred while attempting to establish TCP connection with Controller.
[2020-10-26T12:20:15.393] [ERROR] rockwell - Cannot read property 'protocol' of undefined
[2020-10-26T12:20:15.394] [INFO] rockwell - Rockwell PLC Started
[2020-10-26T12:20:33.891] [INFO] rockwell - Loaded: ./api/config
[2020-10-26T12:20:34.790] [INFO] rockwell - Loaded: ./api/config
[2020-10-26T12:20:43.905] [INFO] rockwell - Loaded: ./api/config
[2020-10-26T12:20:58.291] [INFO] rockwell - Loaded: ./api/config
[2020-10-26T12:21:08.332] [ERROR] rockwell - TIMEOUT occurred while attempting to establish TCP connection with Controller.
[2020-10-26T12:21:08.334] [INFO] rockwell - Rockwell PLC Started
[2020-10-26T12:23:13.478] [INFO] rockwell - Loaded: ./api/config
[2020-10-26T12:23:23.316] [INFO] rockwell - Loaded: ./api/config
[2020-10-26T12:23:33.363] [ERROR] rockwell - TIMEOUT occurred while attempting to establish TCP connection with Controller.
[2020-10-26T12:23:33.363] [INFO] rockwell - Rockwell PLC Started
[2020-10-26T12:24:15.453] [INFO] rockwell - Loaded: ./api/config
[2020-10-26T12:24:25.495] [ERROR] rockwell - TIMEOUT occurred while attempting to establish TCP connection with Controller.
[2020-10-26T12:24:25.498] [INFO] rockwell - Rockwell PLC Started
[2020-10-26T12:24:40.151] [INFO] rockwell - Loaded: ./api/config
[2020-10-26T12:24:50.193] [ERROR] rockwell - TIMEOUT occurred while attempting to establish TCP connection with Controller.
[2020-10-26T12:24:50.194] [INFO] rockwell - Rockwell PLC Started
[2020-10-26T12:24:53.734] [INFO] rockwell - Loaded: ./api/config
[2020-10-26T12:25:03.777] [ERROR] rockwell - TIMEOUT occurred while attempting to establish TCP connection with Controller.
[2020-10-26T12:25:03.778] [INFO] rockwell - Rockwell PLC Started
[2020-10-26T12:25:51.108] [INFO] rockwell - Loaded: ./api/config
[2020-10-26T12:26:01.152] [ERROR] rockwell - TIMEOUT occurred while attempting to establish TCP connection with Controller.
[2020-10-26T12:26:01.153] [INFO] rockwell - Rockwell PLC Started
[2020-10-26T12:28:31.029] [INFO] rockwell - Loaded: ./api/config
[2020-10-26T12:28:32.625] [INFO] rockwell - Loaded: ./api/config
[2020-10-26T12:28:37.442] [INFO] rockwell - Loaded: ./api/config
[2020-10-26T12:28:38.426] [INFO] rockwell - Loaded: ./api/config
[2020-10-26T12:28:48.469] [ERROR] rockwell - TIMEOUT occurred while attempting to establish TCP connection with Controller.
[2020-10-26T12:28:48.470] [INFO] rockwell - Rockwell PLC Started
[2020-10-26T12:28:53.324] [INFO] rockwell - Loaded: ./api/config
[2020-10-26T12:29:03.364] [ERROR] rockwell - TIMEOUT occurred while attempting to establish TCP connection with Controller.
[2020-10-26T12:29:03.366] [INFO] rockwell - Rockwell PLC Started
[2020-10-26T12:29:08.281] [INFO] rockwell - Loaded: ./api/config
[2020-10-26T12:29:15.075] [INFO] rockwell - Loaded: ./api/config
